2016-Nov-26 02:40:39 Наличие необходимых модулей php (check_php_modules): Ok
Все необходимые модули установлены
2016-Nov-26 02:40:39 Обязательные параметры PHP (check_php_settings): Ok
Настройки правильные
2016-Nov-26 02:40:39 Модули веб-сервера (check_security): Ok
Конфликтов не выявлено
2016-Nov-26 02:40:40 Значения переменных сервера (check_server_vars): Ok
Корректные
2016-Nov-26 02:40:40 Сохранение сессии (check_session): Ok
50% done
2016-Nov-26 02:40:40 Сохранение сессии (check_session): Ok
Успешно
2016-Nov-26 02:40:40 Параметры настройки UTF (mbstring и константа BX_UTF) (check_mbstring): Ok
Правильные. Сайт работает в UTF кодировке
2016-Nov-26 02:40:40 Служебные скрипты в корне сайта (check_install_scripts): Ok
Отсутствуют
2016-Nov-26 02:40:41 Работа с сокетами (check_socket): Ok
Connection to ssl://mehendi24.ru:443	Success

Успешно
2016-Nov-26 02:40:41 Параметры подключения к базе данных (check_dbconn_settings): Ok
Успешно
2016-Nov-26 02:40:41 Лишний вывод в файлах конфигурации (check_dbconn): Ok
Connection to ssl://mehendi24.ru:443	Success

Успешно
2016-Nov-26 02:40:42 Выполнение агентов на cron (check_bx_crontab): Ok
Успешно
2016-Nov-26 02:40:42 Сохранение сессии без UserAgent (check_session_ua): Ok
50% done
Connection to ssl://mehendi24.ru:443	Success

2016-Nov-26 02:40:42 Сохранение сессии без UserAgent (check_session_ua): Ok
Connection to ssl://mehendi24.ru:443	Success

Успешно
2016-Nov-26 02:40:42 Настройки сайтов (check_sites): Ok
Правильные
2016-Nov-26 02:40:43 Передача объектов по ссылке (check_clone): Ok
Успешно
2016-Nov-26 02:40:43 Размер стека и pcre.recursion_limit (check_pcre_recursion): Warning
Connection to ssl://mehendi24.ru:443	Success

Замечание. Возможны проблемы в работе с длинными строками из-за системных ограничений
2016-Nov-26 02:40:43 Вызов method_exists на строке (check_method_exists): Ok
Connection to ssl://mehendi24.ru:443	Success

Успешно
2016-Nov-26 02:40:46 Загрузка файла (check_upload): Ok
Connection to ssl://mehendi24.ru:443	Success

Успешно
2016-Nov-26 02:40:47 Загрузка файла больше 4Мб (check_upload_big): Ok
Connection to ssl://mehendi24.ru:443	Success

Успешно
2016-Nov-26 02:40:47 Загрузка файла через php://input (check_upload_raw): Ok
Connection to ssl://mehendi24.ru:443	Success

Успешно
2016-Nov-26 02:40:47 Передача POST запроса с большим числом параметров (check_post): Ok
Connection to ssl://mehendi24.ru:443	Success

Успешно
2016-Nov-26 02:40:49 Отправка почты (check_mail): Fail
Ошибка! Отправлено. Время отправки: 1.25 сек.
2016-Nov-26 02:40:52 Отправка почтового сообщения больше 64Кб (check_mail_big): Fail
Ошибка! Отправлено. Время отправки: 2.9 сек.
2016-Nov-26 02:40:53 Проверка на наличие неотправленных сообщений (check_mail_b_event): Ok
Успешно
2016-Nov-26 02:40:54 Внутреннее перенаправление (функция LocalRedirect) (check_localredirect): Ok
50% done
Connection to ssl://mehendi24.ru:443	Success

2016-Nov-26 02:40:54 Внутреннее перенаправление (функция LocalRedirect) (check_localredirect): Ok
Connection to ssl://mehendi24.ru:443	Success

Успешно
2016-Nov-26 02:40:54 Фактическое ограничение памяти (check_memory_limit): Ok
20% done
Connection to ssl://mehendi24.ru:443	Success

2016-Nov-26 02:40:54 Фактическое ограничение памяти (check_memory_limit): Ok
40% done
Connection to ssl://mehendi24.ru:443	Success

2016-Nov-26 02:40:55 Фактическое ограничение памяти (check_memory_limit): Ok
60% done
Connection to ssl://mehendi24.ru:443	Success

2016-Nov-26 02:40:56 Фактическое ограничение памяти (check_memory_limit): Ok
80% done
Connection to ssl://mehendi24.ru:443	Success

2016-Nov-26 02:40:57 Фактическое ограничение памяти (check_memory_limit): Ok
Connection to ssl://mehendi24.ru:443	Success

Не менее 256 М
2016-Nov-26 02:41:00 Работа с файлами кеша (check_cache): Ok
Успешно
2016-Nov-26 02:41:07 Доступ к серверу обновлений (check_update): Ok
Успешно
2016-Nov-26 02:41:07 HTTP авторизация (check_http_auth): Ok
Connection to ssl://mehendi24.ru:443	Success

Успешно
2016-Nov-26 02:41:07 Создание и запуск файла (check_exec): Ok
Connection to ssl://mehendi24.ru:443	Success

Успешно
2016-Nov-26 02:41:08 Функция getimagesize для swf (check_getimagesize): Ok
Успешно
2016-Nov-26 02:41:08 Версия MySQL-сервера (check_mysql_bug_version): Ok
Успешно
2016-Nov-26 02:41:09 Время на БД и веб-сервере (check_mysql_time): Ok
Успешно
2016-Nov-26 02:41:09 Режим работы MySQL (check_mysql_mode): Ok
Успешно
2016-Nov-26 02:41:09 Кодировка соединения (check_mysql_connection_charset): Ok
character_set_connection=utf8, collation_connection=utf8_unicode_ci, character_set_results=utf8
Успешно
2016-Nov-26 02:41:09 Кодировка базы данных (check_mysql_db_charset): Ok
CHARSET=utf8, COLLATION=utf8_unicode_ci
Успешно
2016-Nov-26 02:41:10 Кодировки таблиц в БД (check_mysql_table_charset): Ok
Успешно
2016-Nov-26 02:41:11 Структура базы данных (check_mysql_table_structure): Ok
0% done
2016-Nov-26 02:41:12 Структура базы данных (check_mysql_table_structure): Ok
2% done
2016-Nov-26 02:41:12 Структура базы данных (check_mysql_table_structure): Ok
4% done
2016-Nov-26 02:41:14 Структура базы данных (check_mysql_table_structure): Ok
6% done
2016-Nov-26 02:41:17 Структура базы данных (check_mysql_table_structure): Ok
8% done
2016-Nov-26 02:41:17 Структура базы данных (check_mysql_table_structure): Ok
10% done
2016-Nov-26 02:41:18 Структура базы данных (check_mysql_table_structure): Ok
12% done
2016-Nov-26 02:41:18 Структура базы данных (check_mysql_table_structure): Ok
14% done
2016-Nov-26 02:41:18 Структура базы данных (check_mysql_table_structure): Ok
16% done
2016-Nov-26 02:41:19 Структура базы данных (check_mysql_table_structure): Ok
18% done
2016-Nov-26 02:41:19 Структура базы данных (check_mysql_table_structure): Ok
20% done
2016-Nov-26 02:41:20 Структура базы данных (check_mysql_table_structure): Ok
22% done
2016-Nov-26 02:41:21 Структура базы данных (check_mysql_table_structure): Ok
25% done
2016-Nov-26 02:41:21 Структура базы данных (check_mysql_table_structure): Ok
27% done
2016-Nov-26 02:41:22 Структура базы данных (check_mysql_table_structure): Ok
29% done
2016-Nov-26 02:41:22 Структура базы данных (check_mysql_table_structure): Ok
31% done
2016-Nov-26 02:41:23 Структура базы данных (check_mysql_table_structure): Ok
33% done
2016-Nov-26 02:41:24 Структура базы данных (check_mysql_table_structure): Ok
35% done
2016-Nov-26 02:41:24 Структура базы данных (check_mysql_table_structure): Ok
37% done
2016-Nov-26 02:41:25 Структура базы данных (check_mysql_table_structure): Ok
39% done
2016-Nov-26 02:41:26 Структура базы данных (check_mysql_table_structure): Ok
41% done
2016-Nov-26 02:41:26 Структура базы данных (check_mysql_table_structure): Ok
43% done
2016-Nov-26 02:41:26 Структура базы данных (check_mysql_table_structure): Ok
45% done
2016-Nov-26 02:41:30 Структура базы данных (check_mysql_table_structure): Ok
47% done
2016-Nov-26 02:41:31 Структура базы данных (check_mysql_table_structure): Ok
50% done
2016-Nov-26 02:41:31 Структура базы данных (check_mysql_table_structure): Ok
52% done
2016-Nov-26 02:41:31 Структура базы данных (check_mysql_table_structure): Ok
54% done
2016-Nov-26 02:41:32 Структура базы данных (check_mysql_table_structure): Ok
56% done
2016-Nov-26 02:41:32 Структура базы данных (check_mysql_table_structure): Ok
58% done
2016-Nov-26 02:41:32 Структура базы данных (check_mysql_table_structure): Ok
60% done
2016-Nov-26 02:41:33 Структура базы данных (check_mysql_table_structure): Ok
62% done
2016-Nov-26 02:41:33 Структура базы данных (check_mysql_table_structure): Ok
64% done
2016-Nov-26 02:41:33 Структура базы данных (check_mysql_table_structure): Ok
66% done
2016-Nov-26 02:41:36 Структура базы данных (check_mysql_table_structure): Ok
68% done
2016-Nov-26 02:41:36 Структура базы данных (check_mysql_table_structure): Ok
70% done
2016-Nov-26 02:41:37 Структура базы данных (check_mysql_table_structure): Ok
72% done
2016-Nov-26 02:41:37 Структура базы данных (check_mysql_table_structure): Ok
75% done
2016-Nov-26 02:41:38 Структура базы данных (check_mysql_table_structure): Ok
77% done
2016-Nov-26 02:41:38 Структура базы данных (check_mysql_table_structure): Ok
79% done
2016-Nov-26 02:41:39 Структура базы данных (check_mysql_table_structure): Ok
81% done
2016-Nov-26 02:41:40 Структура базы данных (check_mysql_table_structure): Ok
83% done
2016-Nov-26 02:41:41 Структура базы данных (check_mysql_table_structure): Ok
85% done
2016-Nov-26 02:41:43 Структура базы данных (check_mysql_table_structure): Ok
87% done
2016-Nov-26 02:41:43 Структура базы данных (check_mysql_table_structure): Ok
89% done
2016-Nov-26 02:41:44 Структура базы данных (check_mysql_table_structure): Ok
91% done
2016-Nov-26 02:41:45 Структура базы данных (check_mysql_table_structure): Ok
93% done
2016-Nov-26 02:41:45 Структура базы данных (check_mysql_table_structure): Ok
95% done
2016-Nov-26 02:41:46 Структура базы данных (check_mysql_table_structure): Ok
97% done
2016-Nov-26 02:41:47 Структура базы данных (check_mysql_table_structure): Ok
Успешно
